0 info it worked if it ends with ok
1 verbose cli [ 'C:\\Program Files\\nodejs\\node.exe',
1 verbose cli   'C:\\Program Files\\nodejs\\node_modules\\npm\\bin\\npm-cli.js',
1 verbose cli   'run',
1 verbose cli   'build' ]
2 info using npm@3.10.10
3 info using node@v6.11.3
4 verbose run-script [ 'prebuild', 'build', 'postbuild' ]
5 info lifecycle psadmin-upgraded@1.0.0~prebuild: psadmin-upgraded@1.0.0
6 verbose lifecycle psadmin-upgraded@1.0.0~prebuild: unsafe-perm in lifecycle true
7 verbose lifecycle psadmin-upgraded@1.0.0~prebuild: PATH: C:\Program Files\nodejs\node_modules\npm\bin\node-gyp-bin;D:\chak_projects\React\psadmin_upgraded\node_modules\.bin;C:\WINDOWS\system32;C:\WINDOWS;C:\WINDOWS\System32\Wbem;C:\WINDOWS\System32\WindowsPowerShell\v1.0\;C:\Program Files (x86)\QuickTime\QTSystem\;C:\Program Files\CapgeminiScripts\Support Tools\;C:\Program Files\TortoiseSVN\bin;C:\WINDOWS\System32\WindowsPowerShell\v1.0\;C:\Program Files\Git\cmd;C:\Users\cr41tiv$\AppData\Roaming\nvm;C:\Program Files\nodejs;C:\Program Files\nodejs\;C:\Users\jchakrad\AppData\Roaming\npm;C:\Program Files\nodejs;C:\Users\jchakrad\AppData\Local\atom\bin;
8 verbose lifecycle psadmin-upgraded@1.0.0~prebuild: CWD: D:\chak_projects\React\psadmin_upgraded
9 silly lifecycle psadmin-upgraded@1.0.0~prebuild: Args: [ '/d /s /c', 'npm-run-all clean-dist test lint build:html' ]
10 silly lifecycle psadmin-upgraded@1.0.0~prebuild: Returned: code: 1  signal: null
11 info lifecycle psadmin-upgraded@1.0.0~prebuild: Failed to exec prebuild script
12 verbose stack Error: psadmin-upgraded@1.0.0 prebuild: `npm-run-all clean-dist test lint build:html`
12 verbose stack Exit status 1
12 verbose stack     at EventEmitter.<anonymous> (C:\Program Files\nodejs\node_modules\npm\lib\utils\lifecycle.js:255:16)
12 verbose stack     at emitTwo (events.js:106:13)
12 verbose stack     at EventEmitter.emit (events.js:191:7)
12 verbose stack     at ChildProcess.<anonymous> (C:\Program Files\nodejs\node_modules\npm\lib\utils\spawn.js:40:14)
12 verbose stack     at emitTwo (events.js:106:13)
12 verbose stack     at ChildProcess.emit (events.js:191:7)
12 verbose stack     at maybeClose (internal/child_process.js:920:16)
12 verbose stack     at Process.ChildProcess._handle.onexit (internal/child_process.js:230:5)
13 verbose pkgid psadmin-upgraded@1.0.0
14 verbose cwd D:\chak_projects\React\psadmin_upgraded
15 error Windows_NT 6.1.7601
16 error argv "C:\\Program Files\\nodejs\\node.exe" "C:\\Program Files\\nodejs\\node_modules\\npm\\bin\\npm-cli.js" "run" "build"
17 error node v6.11.3
18 error npm  v3.10.10
19 error code ELIFECYCLE
20 error psadmin-upgraded@1.0.0 prebuild: `npm-run-all clean-dist test lint build:html`
20 error Exit status 1
21 error Failed at the psadmin-upgraded@1.0.0 prebuild script 'npm-run-all clean-dist test lint build:html'.
21 error Make sure you have the latest version of node.js and npm installed.
21 error If you do, this is most likely a problem with the psadmin-upgraded package,
21 error not with npm itself.
21 error Tell the author that this fails on your system:
21 error     npm-run-all clean-dist test lint build:html
21 error You can get information on how to open an issue for this project with:
21 error     npm bugs psadmin-upgraded
21 error Or if that isn't available, you can get their info via:
21 error     npm owner ls psadmin-upgraded
21 error There is likely additional logging output above.
22 verbose exit [ 1, true ]
